2023-08-06 05:37:30.479944 - Initialized conversion of CBT623
2023-08-06 05:37:30.626826 - Received CBT.V505.FILE623.PDS from FILE623.XMI 
2023-08-06 05:37:30.629189 - Found $$$#DATE.txt (text/plain) in CBT.V505.FILE623.PDS, moved to PDS/$$$#DATE
2023-08-06 05:37:30.630189 - Found $$NOTE1.txt (text/plain) in CBT.V505.FILE623.PDS, moved to PDS/$$NOTE1
2023-08-06 05:37:30.631176 - Found $$NOTE2.txt (text/plain) in CBT.V505.FILE623.PDS, moved to PDS/$$NOTE2
2023-08-06 05:37:30.632134 - Found @FILE623.txt (text/plain) in CBT.V505.FILE623.PDS, moved to PDS/@FILE623
2023-08-06 05:37:30.633025 - Found @INSTALL.txt (text/plain) in CBT.V505.FILE623.PDS, moved to PDS/@INSTALL
2023-08-06 05:37:30.634030 - Found @USERGDE.txt (text/plain) in CBT.V505.FILE623.PDS, moved to PDS/@USERGDE
2023-08-06 05:37:30.634947 - Found ASMCMDS.txt (text/plain) in CBT.V505.FILE623.PDS, moved to PDS/ASMCMDS
2023-08-06 05:37:30.635738 - Found ASMWAIT.txt (text/plain) in CBT.V505.FILE623.PDS, moved to PDS/ASMWAIT
2023-08-06 05:37:30.636525 - Found ASMWTO.txt (text/plain) in CBT.V505.FILE623.PDS, moved to PDS/ASMWTO
2023-08-06 05:37:30.637345 - Found AUTOIPL.rexx (text/plain) in CBT.V505.FILE623.PDS, moved to PDS/AUTOIPL
2023-08-06 05:37:30.638156 - Found COMPILE.jcl (text/plain) in CBT.V505.FILE623.PDS, moved to PDS/COMPILE
2023-08-06 05:37:30.639027 - Found CONSCMD.txt (text/plain) in CBT.V505.FILE623.PDS, moved to PDS/CONSCMD
2023-08-06 05:37:30.639818 - Found IPLCMDS.txt (text/plain) in CBT.V505.FILE623.PDS, moved to PDS/IPLCMDS
2023-08-06 05:37:30.640608 - Found IPLPROD.txt (text/plain) in CBT.V505.FILE623.PDS, moved to PDS/IPLPROD
2023-08-06 05:37:30.641463 - Found IPLTCPIP.txt (text/plain) in CBT.V505.FILE623.PDS, moved to PDS/IPLTCPIP
2023-08-06 05:37:30.642334 - Found IPLTEST.txt (text/plain) in CBT.V505.FILE623.PDS, moved to PDS/IPLTEST
2023-08-06 05:37:30.643163 - Found SHUTDOWN.txt (text/plain) in CBT.V505.FILE623.PDS, moved to PDS/SHUTDOWN
2023-08-06 05:37:30.643963 - Found SHUTPROD.txt (text/plain) in CBT.V505.FILE623.PDS, moved to PDS/SHUTPROD
2023-08-06 05:37:30.644783 - Found SHUTTEST.txt (text/plain) in CBT.V505.FILE623.PDS, moved to PDS/SHUTTEST
